/var/www/5za.ru/data/.local/lib/python3.7/site-packages/tensorflow/core/framework/tensor_shape_pb2.py:23: DeprecationWarning: Call to deprecated create function FileDescriptor(). Note: Create unlinked descriptors is going to go away. Please use get/find descriptors from generated code or query the descriptor_pool.
  serialized_pb=_b('\n,tensorflow/core/framework/tensor_shape.proto\x12\ntensorflow\"z\n\x10TensorShapeProto\x12-\n\x03\x64im\x18\x02 \x03(\x0b\x32 .tensorflow.TensorShapeProto.Dim\x12\x14\n\x0cunknown_rank\x18\x03 \x01(\x08\x1a!\n\x03\x44im\x12\x0c\n\x04size\x18\x01 \x01(\x03\x12\x0c\n\x04name\x18\x02 \x01(\tB\x87\x01\n\x18org.tensorflow.frameworkB\x11TensorShapeProtosP\x01ZSgithub.com/tensorflow/tensorflow/tensorflow/go/core/framework/tensor_shape_go_proto\xf8\x01\x01\x62\x06proto3')
/var/www/5za.ru/data/.local/lib/python3.7/site-packages/tensorflow/core/framework/tensor_shape_pb2.py:42: DeprecationWarning: Call to deprecated create function FieldDescriptor(). Note: Create unlinked descriptors is going to go away. Please use get/find descriptors from generated code or query the descriptor_pool.
  serialized_options=None, file=DESCRIPTOR),
/var/www/5za.ru/data/.local/lib/python3.7/site-packages/tensorflow/core/framework/tensor_shape_pb2.py:49: DeprecationWarning: Call to deprecated create function FieldDescriptor(). Note: Create unlinked descriptors is going to go away. Please use get/find descriptors from generated code or query the descriptor_pool.
  serialized_options=None, file=DESCRIPTOR),
/var/www/5za.ru/data/.local/lib/python3.7/site-packages/tensorflow/core/framework/tensor_shape_pb2.py:63: DeprecationWarning: Call to deprecated create function Descriptor(). Note: Create unlinked descriptors is going to go away. Please use get/find descriptors from generated code or query the descriptor_pool.
  serialized_end=182,
/var/www/5za.ru/data/.local/lib/python3.7/site-packages/tensorflow/core/framework/tensor_shape_pb2.py:79: DeprecationWarning: Call to deprecated create function FieldDescriptor(). Note: Create unlinked descriptors is going to go away. Please use get/find descriptors from generated code or query the descriptor_pool.
  serialized_options=None, file=DESCRIPTOR),
/var/www/5za.ru/data/.local/lib/python3.7/site-packages/tensorflow/core/framework/tensor_shape_pb2.py:86: DeprecationWarning: Call to deprecated create function FieldDescriptor(). Note: Create unlinked descriptors is going to go away. Please use get/find descriptors from generated code or query the descriptor_pool.
  serialized_options=None, file=DESCRIPTOR),
/var/www/5za.ru/data/.local/lib/python3.7/site-packages/tensorflow/core/framework/tensor_shape_pb2.py:100: DeprecationWarning: Call to deprecated create function Descriptor(). Note: Create unlinked descriptors is going to go away. Please use get/find descriptors from generated code or query the descriptor_pool.
  serialized_end=182,
/var/www/5za.ru/data/.local/lib/python3.7/site-packages/tensorflow/core/framework/types_pb2.py:24: DeprecationWarning: Call to deprecated create function FileDescriptor(). Note: Create unlinked descriptors is going to go away. Please use get/find descriptors from generated code or query the descriptor_pool.
  serialized_pb=_b('\n%tensorflow/core/framework/types.proto\x12\ntensorflow*\xaa\x06\n\x08\x44\x61taType\x12\x0e\n\nDT_INVALID\x10\x00\x12\x0c\n\x08\x44T_FLOAT\x10\x01\x12\r\n\tDT_DOUBLE\x10\x02\x12\x0c\n\x08\x44T_INT32\x10\x03\x12\x0c\n\x08\x44T_UINT8\x10\x04\x12\x0c\n\x08\x44T_INT16\x10\x05\x12\x0b\n\x07\x44T_INT8\x10\x06\x12\r\n\tDT_STRING\x10\x07\x12\x10\n\x0c\x44T_COMPLEX64\x10\x08\x12\x0c\n\x08\x44T_INT64\x10\t\x12\x0b\n\x07\x44T_BOOL\x10\n\x12\x0c\n\x08\x44T_QINT8\x10\x0b\x12\r\n\tDT_QUINT8\x10\x0c\x12\r\n\tDT_QINT32\x10\r\x12\x0f\n\x0b\x44T_BFLOAT16\x10\x0e\x12\r\n\tDT_QINT16\x10\x0f\x12\x0e\n\nDT_QUINT16\x10\x10\x12\r\n\tDT_UINT16\x10\x11\x12\x11\n\rDT_COMPLEX128\x10\x12\x12\x0b\n\x07\x44T_HALF\x10\x13\x12\x0f\n\x0b\x44T_RESOURCE\x10\x14\x12\x0e\n\nDT_VARIANT\x10\x15\x12\r\n\tDT_UINT32\x10\x16\x12\r\n\tDT_UINT64\x10\x17\x12\x10\n\x0c\x44T_FLOAT_REF\x10\x65\x12\x11\n\rDT_DOUBLE_REF\x10\x66\x12\x10\n\x0c\x44T_INT32_REF\x10g\x12\x10\n\x0c\x44T_UINT8_REF\x10h\x12\x10\n\x0c\x44T_INT16_REF\x10i\x12\x0f\n\x0b\x44T_INT8_REF\x10j\x12\x11\n\rDT_STRING_REF\x10k\x12\x14\n\x10\x44T_COMPLEX64_REF\x10l\x12\x10\n\x0c\x44T_INT64_REF\x10m\x12\x0f\n\x0b\x44T_BOOL_REF\x10n\x12\x10\n\x0c\x44T_QINT8_REF\x10o\x12\x11\n\rDT_QUINT8_REF\x10p\x12\x11\n\rDT_QINT32_REF\x10q\x12\x13\n\x0f\x44T_BFLOAT16_REF\x10r\x12\x11\n\rDT_QINT16_REF\x10s\x12\x12\n\x0e\x44T_QUINT16_REF\x10t\x12\x11\n\rDT_UINT16_REF\x10u\x12\x15\n\x11\x44T_COMPLEX128_REF\x10v\x12\x0f\n\x0b\x44T_HALF_REF\x10w\x12\x13\n\x0f\x44T_RESOURCE_REF\x10x\x12\x12\n\x0e\x44T_VARIANT_REF\x10y\x12\x11\n\rDT_UINT32_REF\x10z\x12\x11\n\rDT_UINT64_REF\x10{Bz\n\x18org.tensorflow.frameworkB\x0bTypesProtosP\x01ZLgithub.com/tensorflow/tensorflow/tensorflow/go/core/framework/types_go_proto\xf8\x01\x01\x62\x06proto3')
/var/www/5za.ru/data/.local/lib/python3.7/site-packages/tensorflow/core/framework/types_pb2.py:36: DeprecationWarning: Call to deprecated create function EnumValueDescriptor(). Note: Create unlinked descriptors is going to go away. Please use get/find descriptors from generated code or query the descriptor_pool.
  type=None),
/var/www/5za.ru/data/.local/lib/python3.7/site-packages/tensorflow/core/framework/types_pb2.py:40: DeprecationWarning: Call to deprecated create function EnumValueDescriptor(). Note: Create unlinked descriptors is going to go away. Please use get/find descriptors from generated code or query the descriptor_pool.
  type=None),
/var/www/5za.ru/data/.local/lib/python3.7/site-packages/tensorflow/core/framework/types_pb2.py:44: DeprecationWarning: Call to deprecated create function EnumValueDescriptor(). Note: Create unlinked descriptors is going to go away. Please use get/find descriptors from generated code or query the descriptor_pool.
  type=None),
/var/www/5za.ru/data/.local/lib/python3.7/site-packages/tensorflow/core/framework/types_pb2.py:48: DeprecationWarning: Call to deprecated create function EnumValueDescriptor(). Note: Create unlinked descriptors is going to go away. Please use get/find descriptors from generated code or query the descriptor_pool.
  type=None),
/var/www/5za.ru/data/.local/lib/python3.7/site-packages/tensorflow/core/framework/types_pb2.py:52: DeprecationWarning: Call to deprecated create function EnumValueDescriptor(). Note: Create unlinked descriptors is going to go away. Please use get/find descriptors from generated code or query the descriptor_pool.
  type=None),
/var/www/5za.ru/data/.local/lib/python3.7/site-packages/tensorflow/core/framework/types_pb2.py:56: DeprecationWarning: Call to deprecated create function EnumValueDescriptor(). Note: Create unlinked descriptors is going to go away. Please use get/find descriptors from generated code or query the descriptor_pool.
  type=None),
/var/www/5za.ru/data/.local/lib/python3.7/site-packages/tensorflow/core/framework/types_pb2.py:60: DeprecationWarning: Call to deprecated create function EnumValueDescriptor(). Note: Create unlinked descriptors is going to go away. Please use get/find descriptors from generated code or query the descriptor_pool.
  type=None),
/var/www/5za.ru/data/.local/lib/python3.7/site-packages/tensorflow/core/framework/types_pb2.py:64: DeprecationWarning: Call to deprecated create function EnumValueDescriptor(). Note: Create unlinked descriptors is going to go away. Please use get/find descriptors from generated code or query the descriptor_pool.
  type=None),
/var/www/5za.ru/data/.local/lib/python3.7/site-packages/tensorflow/core/framework/types_pb2.py:68: DeprecationWarning: Call to deprecated create function EnumValueDescriptor(). Note: Create unlinked descriptors is going to go away. Please use get/find descriptors from generated code or query the descriptor_pool.
  type=None),
/var/www/5za.ru/data/.local/lib/python3.7/site-packages/tensorflow/core/framework/types_pb2.py:72: DeprecationWarning: Call to deprecated create function EnumValueDescriptor(). Note: Create unlinked descriptors is going to go away. Please use get/find descriptors from generated code or query the descriptor_pool.
  type=None),
/var/www/5za.ru/data/.local/lib/python3.7/site-packages/tensorflow/core/framework/types_pb2.py:76: DeprecationWarning: Call to deprecated create function EnumValueDescriptor(). Note: Create unlinked descriptors is going to go away. Please use get/find descriptors from generated code or query the descriptor_pool.
  type=None),
/var/www/5za.ru/data/.local/lib/python3.7/site-packages/tensorflow/core/framework/types_pb2.py:80: DeprecationWarning: Call to deprecated create function EnumValueDescriptor(). Note: Create unlinked descriptors is going to go away. Please use get/find descriptors from generated code or query the descriptor_pool.
  type=None),
/var/www/5za.ru/data/.local/lib/python3.7/site-packages/tensorflow/core/framework/types_pb2.py:84: DeprecationWarning: Call to deprecated create function EnumValueDescriptor(). Note: Create unlinked descriptors is going to go away. Please use get/find descriptors from generated code or query the descriptor_pool.
  type=None),
/var/www/5za.ru/data/.local/lib/python3.7/site-packages/tensorflow/core/framework/types_pb2.py:88: DeprecationWarning: Call to deprecated create function EnumValueDescriptor(). Note: Create unlinked descriptors is going to go away. Please use get/find descriptors from generated code or query the descriptor_pool.
  type=None),
/var/www/5za.ru/data/.local/lib/python3.7/site-packages/tensorflow/core/framework/types_pb2.py:92: DeprecationWarning: Call to deprecated create function EnumValueDescriptor(). Note: Create unlinked descriptors is going to go away. Please use get/find descriptors from generated code or query the descriptor_pool.
  type=None),
/var/www/5za.ru/data/.local/lib/python3.7/site-packages/tensorflow/core/framework/types_pb2.py:96: DeprecationWarning: Call to deprecated create function EnumValueDescriptor(). Note: Create unlinked descriptors is going to go away. Please use get/find descriptors from generated code or query the descriptor_pool.
  type=None),
/var/www/5za.ru/data/.local/lib/python3.7/site-packages/tensorflow/core/framework/types_pb2.py:100: DeprecationWarning: Call to deprecated create function EnumValueDescriptor(). Note: Create unlinked descriptors is going to go away. Please use get/find descriptors from generated code or query the descriptor_pool.
  type=None),
/var/www/5za.ru/data/.local/lib/python3.7/site-packages/tensorflow/core/framework/types_pb2.py:104: DeprecationWarning: Call to deprecated create function EnumValueDescriptor(). Note: Create unlinked descriptors is going to go away. Please use get/find descriptors from generated code or query the descriptor_pool.
  type=None),
/var/www/5za.ru/data/.local/lib/python3.7/site-packages/tensorflow/core/framework/types_pb2.py:108: DeprecationWarning: Call to deprecated create function EnumValueDescriptor(). Note: Create unlinked descriptors is going to go away. Please use get/find descriptors from generated code or query the descriptor_pool.
  type=None),
/var/www/5za.ru/data/.local/lib/python3.7/site-packages/tensorflow/core/framework/types_pb2.py:112: DeprecationWarning: Call to deprecated create function EnumValueDescriptor(). Note: Create unlinked descriptors is going to go away. Please use get/find descriptors from generated code or query the descriptor_pool.
  type=None),
/var/www/5za.ru/data/.local/lib/python3.7/site-packages/tensorflow/core/framework/types_pb2.py:116: DeprecationWarning: Call to deprecated create function EnumValueDescriptor(). Note: Create unlinked descriptors is going to go away. Please use get/find descriptors from generated code or query the descriptor_pool.
  type=None),
/var/www/5za.ru/data/.local/lib/python3.7/site-packages/tensorflow/core/framework/types_pb2.py:120: DeprecationWarning: Call to deprecated create function EnumValueDescriptor(). Note: Create unlinked descriptors is going to go away. Please use get/find descriptors from generated code or query the descriptor_pool.
  type=None),
/var/www/5za.ru/data/.local/lib/python3.7/site-packages/tensorflow/core/framework/types_pb2.py:124: DeprecationWarning: Call to deprecated create function EnumValueDescriptor(). Note: Create unlinked descriptors is going to go away. Please use get/find descriptors from generated code or query the descriptor_pool.
  type=None),
/var/www/5za.ru/data/.local/lib/python3.7/site-packages/tensorflow/core/framework/types_pb2.py:128: DeprecationWarning: Call to deprecated create function EnumValueDescriptor(). Note: Create unlinked descriptors is going to go away. Please use get/find descriptors from generated code or query the descriptor_pool.
  type=None),
/var/www/5za.ru/data/.local/lib/python3.7/site-packages/tensorflow/core/framework/types_pb2.py:132: DeprecationWarning: Call to deprecated create function EnumValueDescriptor(). Note: Create unlinked descriptors is going to go away. Please use get/find descriptors from generated code or query the descriptor_pool.
  type=None),
/var/www/5za.ru/data/.local/lib/python3.7/site-packages/tensorflow/core/framework/types_pb2.py:136: DeprecationWarning: Call to deprecated create function EnumValueDescriptor(). Note: Create unlinked descriptors is going to go away. Please use get/find descriptors from generated code or query the descriptor_pool.
  type=None),
/var/www/5za.ru/data/.local/lib/python3.7/site-packages/tensorflow/core/framework/types_pb2.py:140: DeprecationWarning: Call to deprecated create function EnumValueDescriptor(). Note: Create unlinked descriptors is going to go away. Please use get/find descriptors from generated code or query the descriptor_pool.
  type=None),
/var/www/5za.ru/data/.local/lib/python3.7/site-packages/tensorflow/core/framework/types_pb2.py:144: DeprecationWarning: Call to deprecated create function EnumValueDescriptor(). Note: Create unlinked descriptors is going to go away. Please use get/find descriptors from generated code or query the descriptor_pool.
  type=None),
/var/www/5za.ru/data/.local/lib/python3.7/site-packages/tensorflow/core/framework/types_pb2.py:148: DeprecationWarning: Call to deprecated create function EnumValueDescriptor(). Note: Create unlinked descriptors is going to go away. Please use get/find descriptors from generated code or query the descriptor_pool.
  type=None),
/var/www/5za.ru/data/.local/lib/python3.7/site-packages/tensorflow/core/framework/types_pb2.py:152: DeprecationWarning: Call to deprecated create function EnumValueDescriptor(). Note: Create unlinked descriptors is going to go away. Please use get/find descriptors from generated code or query the descriptor_pool.
  type=None),
/var/www/5za.ru/data/.local/lib/python3.7/site-packages/tensorflow/core/framework/types_pb2.py:156: DeprecationWarning: Call to deprecated create function EnumValueDescriptor(). Note: Create unlinked descriptors is going to go away. Please use get/find descriptors from generated code or query the descriptor_pool.
  type=None),
/var/www/5za.ru/data/.local/lib/python3.7/site-packages/tensorflow/core/framework/types_pb2.py:160: DeprecationWarning: Call to deprecated create function EnumValueDescriptor(). Note: Create unlinked descriptors is going to go away. Please use get/find descriptors from generated code or query the descriptor_pool.
  type=None),
/var/www/5za.ru/data/.local/lib/python3.7/site-packages/tensorflow/core/framework/types_pb2.py:164: DeprecationWarning: Call to deprecated create function EnumValueDescriptor(). Note: Create unlinked descriptors is going to go away. Please use get/find descriptors from generated code or query the descriptor_pool.
  type=None),
/var/www/5za.ru/data/.local/lib/python3.7/site-packages/tensorflow/core/framework/types_pb2.py:168: DeprecationWarning: Call to deprecated create function EnumValueDescriptor(). Note: Create unlinked descriptors is going to go away. Please use get/find descriptors from generated code or query the descriptor_pool.
  type=None),
/var/www/5za.ru/data/.local/lib/python3.7/site-packages/tensorflow/core/framework/types_pb2.py:172: DeprecationWarning: Call to deprecated create function EnumValueDescriptor(). Note: Create unlinked descriptors is going to go away. Please use get/find descriptors from generated code or query the descriptor_pool.
  type=None),
/var/www/5za.ru/data/.local/lib/python3.7/site-packages/tensorflow/core/framework/types_pb2.py:176: DeprecationWarning: Call to deprecated create function EnumValueDescriptor(). Note: Create unlinked descriptors is going to go away. Please use get/find descriptors from generated code or query the descriptor_pool.
  type=None),
/var/www/5za.ru/data/.local/lib/python3.7/site-packages/tensorflow/core/framework/types_pb2.py:180: DeprecationWarning: Call to deprecated create function EnumValueDescriptor(). Note: Create unlinked descriptors is going to go away. Please use get/find descriptors from generated code or query the descriptor_pool.
  type=None),
/var/www/5za.ru/data/.local/lib/python3.7/site-packages/tensorflow/core/framework/types_pb2.py:184: DeprecationWarning: Call to deprecated create function EnumValueDescriptor(). Note: Create unlinked descriptors is going to go away. Please use get/find descriptors from generated code or query the descriptor_pool.
  type=None),
/var/www/5za.ru/data/.local/lib/python3.7/site-packages/tensorflow/core/framework/types_pb2.py:188: DeprecationWarning: Call to deprecated create function EnumValueDescriptor(). Note: Create unlinked descriptors is going to go away. Please use get/find descriptors from generated code or query the descriptor_pool.
  type=None),
/var/www/5za.ru/data/.local/lib/python3.7/site-packages/tensorflow/core/framework/types_pb2.py:192: DeprecationWarning: Call to deprecated create function EnumValueDescriptor(). Note: Create unlinked descriptors is going to go away. Please use get/find descriptors from generated code or query the descriptor_pool.
  type=None),
/var/www/5za.ru/data/.local/lib/python3.7/site-packages/tensorflow/core/framework/types_pb2.py:196: DeprecationWarning: Call to deprecated create function EnumValueDescriptor(). Note: Create unlinked descriptors is going to go away. Please use get/find descriptors from generated code or query the descriptor_pool.
  type=None),
/var/www/5za.ru/data/.local/lib/python3.7/site-packages/tensorflow/core/framework/types_pb2.py:200: DeprecationWarning: Call to deprecated create function EnumValueDescriptor(). Note: Create unlinked descriptors is going to go away. Please use get/find descriptors from generated code or query the descriptor_pool.
  type=None),
/var/www/5za.ru/data/.local/lib/python3.7/site-packages/tensorflow/core/framework/types_pb2.py:204: DeprecationWarning: Call to deprecated create function EnumValueDescriptor(). Note: Create unlinked descriptors is going to go away. Please use get/find descriptors from generated code or query the descriptor_pool.
  type=None),
/var/www/5za.ru/data/.local/lib/python3.7/site-packages/tensorflow/core/framework/types_pb2.py:208: DeprecationWarning: Call to deprecated create function EnumValueDescriptor(). Note: Create unlinked descriptors is going to go away. Please use get/find descriptors from generated code or query the descriptor_pool.
  type=None),
/var/www/5za.ru/data/.local/lib/python3.7/site-packages/tensorflow/core/framework/types_pb2.py:212: DeprecationWarning: Call to deprecated create function EnumValueDescriptor(). Note: Create unlinked descriptors is going to go away. Please use get/find descriptors from generated code or query the descriptor_pool.
  type=None),
/var/www/5za.ru/data/.local/lib/python3.7/site-packages/tensorflow/core/framework/types_pb2.py:216: DeprecationWarning: Call to deprecated create function EnumValueDescriptor(). Note: Create unlinked descriptors is going to go away. Please use get/find descriptors from generated code or query the descriptor_pool.
  type=None),
/var/www/5za.ru/data/.local/lib/python3.7/site-packages/tensorflow/core/framework/types_pb2.py:220: DeprecationWarning: Call to deprecated create function EnumValueDescriptor(). Note: Create unlinked descriptors is going to go away. Please use get/find descriptors from generated code or query the descriptor_pool.
  type=None),
/var/www/5za.ru/data/.local/lib/python3.7/site-packages/tensorflow/core/framework/types_pb2.py:225: DeprecationWarning: Call to deprecated create function EnumDescriptor(). Note: Create unlinked descriptors is going to go away. Please use get/find descriptors from generated code or query the descriptor_pool.
  serialized_end=864,
/var/www/5za.ru/data/.local/lib/python3.7/site-packages/tensorflow/core/framework/resource_handle_pb2.py:27: DeprecationWarning: Call to deprecated create function FileDescriptor(). Note: Create unlinked descriptors is going to go away. Please use get/find descriptors from generated code or query the descriptor_pool.
  dependencies=[tensorflow_dot_core_dot_framework_dot_tensor__shape__pb2.DESCRIPTOR,tensorflow_dot_core_dot_framework_dot_types__pb2.DESCRIPTOR,])
/var/www/5za.ru/data/.local/lib/python3.7/site-packages/tensorflow/core/framework/resource_handle_pb2.py:45: DeprecationWarning: Call to deprecated create function FieldDescriptor(). Note: Create unlinked descriptors is going to go away. Please use get/find descriptors from generated code or query the descriptor_pool.
  serialized_options=None, file=DESCRIPTOR),
/var/www/5za.ru/data/.local/lib/python3.7/site-packages/tensorflow/core/framework/resource_handle_pb2.py:52: DeprecationWarning: Call to deprecated create function FieldDescriptor(). Note: Create unlinked descriptors is going to go away. Please use get/find descriptors from generated code or query the descriptor_pool.
  serialized_options=None, file=DESCRIPTOR),
/var/www/5za.ru/data/.local/lib/python3.7/site-packages/tensorflow/core/framework/resource_handle_pb2.py:66: DeprecationWarning: Call to deprecated create function Descriptor(). Note: Create unlinked descriptors is going to go away. Please use get/find descriptors from generated code or query the descriptor_pool.
  serialized_end=436,
/var/www/5za.ru/data/.local/lib/python3.7/site-packages/tensorflow/core/framework/resource_handle_pb2.py:82: DeprecationWarning: Call to deprecated create function FieldDescriptor(). Note: Create unlinked descriptors is going to go away. Please use get/find descriptors from generated code or query the descriptor_pool.
  serialized_options=None, file=DESCRIPTOR),
/var/www/5za.ru/data/.local/lib/python3.7/site-packages/tensorflow/core/framework/resource_handle_pb2.py:89: DeprecationWarning: Call to deprecated create function FieldDescriptor(). Note: Create unlinked descriptors is going to go away. Please use get/find descriptors from generated code or query the descriptor_pool.
  serialized_options=None, file=DESCRIPTOR),
/var/www/5za.ru/data/.local/lib/python3.7/site-packages/tensorflow/core/framework/resource_handle_pb2.py:96: DeprecationWarning: Call to deprecated create function FieldDescriptor(). Note: Create unlinked descriptors is going to go away. Please use get/find descriptors from generated code or query the descriptor_pool.
  serialized_options=None, file=DESCRIPTOR),
/var/www/5za.ru/data/.local/lib/python3.7/site-packages/tensorflow/core/framework/resource_handle_pb2.py:103: DeprecationWarning: Call to deprecated create function FieldDescriptor(). Note: Create unlinked descriptors is going to go away. Please use get/find descriptors from generated code or query the descriptor_pool.
  serialized_options=None, file=DESCRIPTOR),
/var/www/5za.ru/data/.local/lib/python3.7/site-packages/tensorflow/core/framework/resource_handle_pb2.py:110: DeprecationWarning: Call to deprecated create function FieldDescriptor(). Note: Create unlinked descriptors is going to go away. Please use get/find descriptors from generated code or query the descriptor_pool.
  serialized_options=None, file=DESCRIPTOR),
/var/www/5za.ru/data/.local/lib/python3.7/site-packages/tensorflow/core/framework/resource_handle_pb2.py:117: DeprecationWarning: Call to deprecated create function FieldDescriptor(). Note: Create unlinked descriptors is going to go away. Please use get/find descriptors from generated code or query the descriptor_pool.
  serialized_options=None, file=DESCRIPTOR),
/var/www/5za.ru/data/.local/lib/python3.7/site-packages/tensorflow/core/framework/resource_handle_pb2.py:131: DeprecationWarning: Call to deprecated create function Descriptor(). Note: Create unlinked descriptors is going to go away. Please use get/find descriptors from generated code or query the descriptor_pool.
  serialized_end=442,
/var/www/5za.ru/data/.local/lib/python3.7/site-packages/tensorflow/core/framework/tensor_pb2.py:28: DeprecationWarning: Call to deprecated create function FileDescriptor(). Note: Create unlinked descriptors is going to go away. Please use get/find descriptors from generated code or query the descriptor_pool.
  dependencies=[tensorflow_dot_core_dot_framework_dot_resource__handle__pb2.DESCRIPTOR,tensorflow_dot_core_dot_framework_dot_tensor__shape__pb2.DESCRIPTOR,tensorflow_dot_core_dot_framework_dot_types__pb2.DESCRIPTOR,])
/var/www/5za.ru/data/.local/lib/python3.7/site-packages/tensorflow/core/framework/tensor_pb2.py:46: DeprecationWarning: Call to deprecated create function FieldDescriptor(). Note: Create unlinked descriptors is going to go away. Please use get/find descriptors from generated code or query the descriptor_pool.
  serialized_options=None, file=DESCRIPTOR),
/var/www/5za.ru/data/.local/lib/python3.7/site-packages/tensorflow/core/framework/tensor_pb2.py:53: DeprecationWarning: Call to deprecated create function FieldDescriptor(). Note: Create unlinked descriptors is going to go away. Please use get/find descriptors from generated code or query the descriptor_pool.
  serialized_options=None, file=DESCRIPTOR),
/var/www/5za.ru/data/.local/lib/python3.7/site-packages/tensorflow/core/framework/tensor_pb2.py:60: DeprecationWarning: Call to deprecated create function FieldDescriptor(). Note: Create unlinked descriptors is going to go away. Please use get/find descriptors from generated code or query the descriptor_pool.
  serialized_options=None, file=DESCRIPTOR),
/var/www/5za.ru/data/.local/lib/python3.7/site-packages/tensorflow/core/framework/tensor_pb2.py:67: DeprecationWarning: Call to deprecated create function FieldDescriptor(). Note: Create unlinked descriptors is going to go away. Please use get/find descriptors from generated code or query the descriptor_pool.
  serialized_options=None, file=DESCRIPTOR),
/var/www/5za.ru/data/.local/lib/python3.7/site-packages/tensorflow/core/framework/tensor_pb2.py:74: DeprecationWarning: Call to deprecated create function FieldDescriptor(). Note: Create unlinked descriptors is going to go away. Please use get/find descriptors from generated code or query the descriptor_pool.
  serialized_options=_b('\020\001'), file=DESCRIPTOR),
/var/www/5za.ru/data/.local/lib/python3.7/site-packages/tensorflow/core/framework/tensor_pb2.py:81: DeprecationWarning: Call to deprecated create function FieldDescriptor(). Note: Create unlinked descriptors is going to go away. Please use get/find descriptors from generated code or query the descriptor_pool.
  serialized_options=_b('\020\001'), file=DESCRIPTOR),
/var/www/5za.ru/data/.local/lib/python3.7/site-packages/tensorflow/core/framework/tensor_pb2.py:88: DeprecationWarning: Call to deprecated create function FieldDescriptor(). Note: Create unlinked descriptors is going to go away. Please use get/find descriptors from generated code or query the descriptor_pool.
  serialized_options=_b('\020\001'), file=DESCRIPTOR),
/var/www/5za.ru/data/.local/lib/python3.7/site-packages/tensorflow/core/framework/tensor_pb2.py:95: DeprecationWarning: Call to deprecated create function FieldDescriptor(). Note: Create unlinked descriptors is going to go away. Please use get/find descriptors from generated code or query the descriptor_pool.
  serialized_options=_b('\020\001'), file=DESCRIPTOR),
/var/www/5za.ru/data/.local/lib/python3.7/site-packages/tensorflow/core/framework/tensor_pb2.py:102: DeprecationWarning: Call to deprecated create function FieldDescriptor(). Note: Create unlinked descriptors is going to go away. Please use get/find descriptors from generated code or query the descriptor_pool.
  serialized_options=None, file=DESCRIPTOR),
/var/www/5za.ru/data/.local/lib/python3.7/site-packages/tensorflow/core/framework/tensor_pb2.py:109: DeprecationWarning: Call to deprecated create function FieldDescriptor(). Note: Create unlinked descriptors is going to go away. Please use get/find descriptors from generated code or query the descriptor_pool.
  serialized_options=_b('\020\001'), file=DESCRIPTOR),
/var/www/5za.ru/data/.local/lib/python3.7/site-packages/tensorflow/core/framework/tensor_pb2.py:116: DeprecationWarning: Call to deprecated create function FieldDescriptor(). Note: Create unlinked descriptors is going to go away. Please use get/find descriptors from generated code or query the descriptor_pool.
  serialized_options=_b('\020\001'), file=DESCRIPTOR),
/var/www/5za.ru/data/.local/lib/python3.7/site-packages/tensorflow/core/framework/tensor_pb2.py:123: DeprecationWarning: Call to deprecated create function FieldDescriptor(). Note: Create unlinked descriptors is going to go away. Please use get/find descriptors from generated code or query the descriptor_pool.
  serialized_options=_b('\020\001'), file=DESCRIPTOR),
/var/www/5za.ru/data/.local/lib/python3.7/site-packages/tensorflow/core/framework/tensor_pb2.py:130: DeprecationWarning: Call to deprecated create function FieldDescriptor(). Note: Create unlinked descriptors is going to go away. Please use get/find descriptors from generated code or query the descriptor_pool.
  serialized_options=_b('\020\001'), file=DESCRIPTOR),
/var/www/5za.ru/data/.local/lib/python3.7/site-packages/tensorflow/core/framework/tensor_pb2.py:137: DeprecationWarning: Call to deprecated create function FieldDescriptor(). Note: Create unlinked descriptors is going to go away. Please use get/find descriptors from generated code or query the descriptor_pool.
  serialized_options=None, file=DESCRIPTOR),
/var/www/5za.ru/data/.local/lib/python3.7/site-packages/tensorflow/core/framework/tensor_pb2.py:144: DeprecationWarning: Call to deprecated create function FieldDescriptor(). Note: Create unlinked descriptors is going to go away. Please use get/find descriptors from generated code or query the descriptor_pool.
  serialized_options=None, file=DESCRIPTOR),
/var/www/5za.ru/data/.local/lib/python3.7/site-packages/tensorflow/core/framework/tensor_pb2.py:151: DeprecationWarning: Call to deprecated create function FieldDescriptor(). Note: Create unlinked descriptors is going to go away. Please use get/find descriptors from generated code or query the descriptor_pool.
  serialized_options=_b('\020\001'), file=DESCRIPTOR),
/var/www/5za.ru/data/.local/lib/python3.7/site-packages/tensorflow/core/framework/tensor_pb2.py:158: DeprecationWarning: Call to deprecated create function FieldDescriptor(). Note: Create unlinked descriptors is going to go away. Please use get/find descriptors from generated code or query the descriptor_pool.
  serialized_options=_b('\020\001'), file=DESCRIPTOR),
/var/www/5za.ru/data/.local/lib/python3.7/site-packages/tensorflow/core/framework/tensor_pb2.py:172: DeprecationWarning: Call to deprecated create function Descriptor(). Note: Create unlinked descriptors is going to go away. Please use get/find descriptors from generated code or query the descriptor_pool.
  serialized_end=713,
/var/www/5za.ru/data/.local/lib/python3.7/site-packages/tensorflow/core/framework/tensor_pb2.py:189: DeprecationWarning: Call to deprecated create function FieldDescriptor(). Note: Create unlinked descriptors is going to go away. Please use get/find descriptors from generated code or query the descriptor_pool.
  serialized_options=None, file=DESCRIPTOR),
/var/www/5za.ru/data/.local/lib/python3.7/site-packages/tensorflow/core/framework/tensor_pb2.py:196: DeprecationWarning: Call to deprecated create function FieldDescriptor(). Note: Create unlinked descriptors is going to go away. Please use get/find descriptors from generated code or query the descriptor_pool.
  serialized_options=None, file=DESCRIPTOR),
/var/www/5za.ru/data/.local/lib/python3.7/site-packages/tensorflow/core/framework/tensor_pb2.py:203: DeprecationWarning: Call to deprecated create function FieldDescriptor(). Note: Create unlinked descriptors is going to go away. Please use get/find descriptors from generated code or query the descriptor_pool.
  serialized_options=None, file=DESCRIPTOR),
/var/www/5za.ru/data/.local/lib/python3.7/site-packages/tensorflow/core/framework/tensor_pb2.py:217: DeprecationWarning: Call to deprecated create function Descriptor(). Note: Create unlinked descriptors is going to go away. Please use get/find descriptors from generated code or query the descriptor_pool.
  serialized_end=818,
2021-12-04 02:30:56.571318: W tensorflow/stream_executor/platform/default/dso_loader.cc:64] Could not load dynamic library 'libcudart.so.11.0'; dlerror: libcudart.so.11.0: cannot open shared object file: No such file or directory; LD_LIBRARY_PATH: /var/www/5za.ru/data/.local/lib/python3.7/site-packages/cv2/../../lib64:
2021-12-04 02:30:56.571349: I tensorflow/stream_executor/cuda/cudart_stub.cc:29] Ignore above cudart dlerror if you do not have a GPU set up on your machine.
/var/www/5za.ru/data/.local/lib/python3.7/site-packages/tensorflow/core/framework/attr_value_pb2.py:28: DeprecationWarning: Call to deprecated create function FileDescriptor(). Note: Create unlinked descriptors is going to go away. Please use get/find descriptors from generated code or query the descriptor_pool.
  dependencies=[tensorflow_dot_core_dot_framework_dot_tensor__pb2.DESCRIPTOR,tensorflow_dot_core_dot_framework_dot_tensor__shape__pb2.DESCRIPTOR,tensorflow_dot_core_dot_framework_dot_types__pb2.DESCRIPTOR,])
/var/www/5za.ru/data/.local/lib/python3.7/site-packages/tensorflow/core/framework/attr_value_pb2.py:46: DeprecationWarning: Call to deprecated create function FieldDescriptor(). Note: Create unlinked descriptors is going to go away. Please use get/find descriptors from generated code or query the descriptor_pool.
  serialized_options=None, file=DESCRIPTOR),
/var/www/5za.ru/data/.local/lib/python3.7/site-packages/tensorflow/core/framework/attr_value_pb2.py:53: DeprecationWarning: Call to deprecated create function FieldDescriptor(). Note: Create unlinked descriptors is going to go away. Please use get/find descriptors from generated code or query the descriptor_pool.
  serialized_options=_b('\020\001'), file=DESCRIPTOR),
/var/www/5za.ru/data/.local/lib/python3.7/site-packages/tensorflow/core/framework/attr_value_pb2.py:60: DeprecationWarning: Call to deprecated create function FieldDescriptor(). Note: Create unlinked descriptors is going to go away. Please use get/find descriptors from generated code or query the descriptor_pool.
  serialized_options=_b('\020\001'), file=DESCRIPTOR),
/var/www/5za.ru/data/.local/lib/python3.7/site-packages/tensorflow/core/framework/attr_value_pb2.py:67: DeprecationWarning: Call to deprecated create function FieldDescriptor(). Note: Create unlinked descriptors is going to go away. Please use get/find descriptors from generated code or query the descriptor_pool.
  serialized_options=_b('\020\001'), file=DESCRIPTOR),
/var/www/5za.ru/data/.local/lib/python3.7/site-packages/tensorflow/core/framework/attr_value_pb2.py:74: DeprecationWarning: Call to deprecated create function FieldDescriptor(). Note: Create unlinked descriptors is going to go away. Please use get/find descriptors from generated code or query the descriptor_pool.
  serialized_options=_b('\020\001'), file=DESCRIPTOR),
/var/www/5za.ru/data/.local/lib/python3.7/site-packages/tensorflow/core/framework/attr_value_pb2.py:81: DeprecationWarning: Call to deprecated create function FieldDescriptor(). Note: Create unlinked descriptors is going to go away. Please use get/find descriptors from generated code or query the descriptor_pool.
  serialized_options=None, file=DESCRIPTOR),
/var/www/5za.ru/data/.local/lib/python3.7/site-packages/tensorflow/core/framework/attr_value_pb2.py:88: DeprecationWarning: Call to deprecated create function FieldDescriptor(). Note: Create unlinked descriptors is going to go away. Please use get/find descriptors from generated code or query the descriptor_pool.
  serialized_options=None, file=DESCRIPTOR),
/var/www/5za.ru/data/.local/lib/python3.7/site-packages/tensorflow/core/framework/attr_value_pb2.py:95: DeprecationWarning: Call to deprecated create function FieldDescriptor(). Note: Create unlinked descriptors is going to go away. Please use get/find descriptors from generated code or query the descriptor_pool.
  serialized_options=None, file=DESCRIPTOR),
/var/www/5za.ru/data/.local/lib/python3.7/site-packages/tensorflow/core/framework/attr_value_pb2.py:109: DeprecationWarning: Call to deprecated create function Descriptor(). Note: Create unlinked descriptors is going to go away. Please use get/find descriptors from generated code or query the descriptor_pool.
  serialized_end=725,
/var/www/5za.ru/data/.local/lib/python3.7/site-packages/tensorflow/python/autograph/impl/api.py:22: DeprecationWarning: the imp module is deprecated in favour of importlib; see the module's documentation for alternative uses
  import imp
Cannot decrypt cookie value, create a new fresh session
Cannot decrypt cookie value, create a new fresh session
Cannot decrypt cookie value, create a new fresh session
2021-12-04 02:31:30.328375: W tensorflow/stream_executor/platform/default/dso_loader.cc:64] Could not load dynamic library 'libcuda.so.1'; dlerror: libcuda.so.1: cannot open shared object file: No such file or directory; LD_LIBRARY_PATH: /var/www/5za.ru/data/.local/lib/python3.7/site-packages/cv2/../../lib64:
2021-12-04 02:31:30.328408: W tensorflow/stream_executor/cuda/cuda_driver.cc:269] failed call to cuInit: UNKNOWN ERROR (303)
2021-12-04 02:31:30.328425: I tensorflow/stream_executor/cuda/cuda_diagnostics.cc:156] kernel driver does not appear to be running on this host (www.5za.ru): /proc/driver/nvidia/version does not exist
2021-12-04 02:31:30.328842: I tensorflow/core/platform/cpu_feature_guard.cc:142] This TensorFlow binary is optimized with oneAPI Deep Neural Network Library (oneDNN) to use the following CPU instructions in performance-critical operations:  AVX2 FMA
To enable them in other operations, rebuild TensorFlow with the appropriate compiler flags.
======== Running on http://0.0.0.0:9999 ========
(Press CTRL+C to quit)
===== SYSTEM =====
2021-12-04 02:30:58.364048
AUTH
===== SYSTEM =====
2021-12-04 02:31:25.312162
AUTH
===== SYSTEM =====
2021-12-04 02:31:27.905076
AUTH
Проверка пароля <MultiDictProxy('login': 'admin', 'password': '12345678', 'button': 'Вход')>
Проверка пароля прошла успешно!
===== SYSTEM =====
PATH: /system/system.py
2021-12-04 02:31:27.986205
/system/mainpage/mainpage.py
===== SYSTEM =====
PATH: /system/system.py
Model: "model"
__________________________________________________________________________________________________
Layer (type)                    Output Shape         Param #     Connected to                     
==================================================================================================
input_1 (InputLayer)            [(None, 64, 64, 19)] 0                                            
__________________________________________________________________________________________________
cct_tokenizer (CCTTokenizer)    (None, 256, 128)     84672       input_1[0][0]                    
__________________________________________________________________________________________________
layer_normalization (LayerNorma (None, 256, 128)     256         cct_tokenizer[0][0]              
__________________________________________________________________________________________________
multi_head_attention (MultiHead (None, 256, 128)     131968      layer_normalization[0][0]        
                                                                 layer_normalization[0][0]        
__________________________________________________________________________________________________
stochastic_depth (StochasticDep (None, 256, 128)     0           multi_head_attention[0][0]       
__________________________________________________________________________________________________
add (Add)                       (None, 256, 128)     0           stochastic_depth[0][0]           
                                                                 cct_tokenizer[0][0]              
__________________________________________________________________________________________________
layer_normalization_1 (LayerNor (None, 256, 128)     256         add[0][0]                        
__________________________________________________________________________________________________
dense (Dense)                   (None, 256, 128)     16512       layer_normalization_1[0][0]      
__________________________________________________________________________________________________
dropout (Dropout)               (None, 256, 128)     0           dense[0][0]                      
__________________________________________________________________________________________________
dense_1 (Dense)                 (None, 256, 128)     16512       dropout[0][0]                    
__________________________________________________________________________________________________
dropout_1 (Dropout)             (None, 256, 128)     0           dense_1[0][0]                    
__________________________________________________________________________________________________
stochastic_depth_1 (StochasticD (None, 256, 128)     0           dropout_1[0][0]                  
__________________________________________________________________________________________________
add_1 (Add)                     (None, 256, 128)     0           stochastic_depth_1[0][0]         
                                                                 add[0][0]                        
__________________________________________________________________________________________________
layer_normalization_2 (LayerNor (None, 256, 128)     256         add_1[0][0]                      
__________________________________________________________________________________________________
multi_head_attention_1 (MultiHe (None, 256, 128)     131968      layer_normalization_2[0][0]      
                                                                 layer_normalization_2[0][0]      
__________________________________________________________________________________________________
stochastic_depth_2 (StochasticD (None, 256, 128)     0           multi_head_attention_1[0][0]     
__________________________________________________________________________________________________
add_2 (Add)                     (None, 256, 128)     0           stochastic_depth_2[0][0]         
                                                                 add_1[0][0]                      
__________________________________________________________________________________________________
layer_normalization_3 (LayerNor (None, 256, 128)     256         add_2[0][0]                      
__________________________________________________________________________________________________
dense_2 (Dense)                 (None, 256, 128)     16512       layer_normalization_3[0][0]      
__________________________________________________________________________________________________
dropout_2 (Dropout)             (None, 256, 128)     0           dense_2[0][0]                    
__________________________________________________________________________________________________
dense_3 (Dense)                 (None, 256, 128)     16512       dropout_2[0][0]                  
__________________________________________________________________________________________________
dropout_3 (Dropout)             (None, 256, 128)     0           dense_3[0][0]                    
__________________________________________________________________________________________________
stochastic_depth_3 (StochasticD (None, 256, 128)     0           dropout_3[0][0]                  
__________________________________________________________________________________________________
add_3 (Add)                     (None, 256, 128)     0           stochastic_depth_3[0][0]         
                                                                 add_2[0][0]                      
__________________________________________________________________________________________________
layer_normalization_4 (LayerNor (None, 256, 128)     256         add_3[0][0]                      
__________________________________________________________________________________________________
dense_4 (Dense)                 (None, 256, 1)       129         layer_normalization_4[0][0]      
__________________________________________________________________________________________________
tf.nn.softmax (TFOpLambda)      (None, 256, 1)       0           dense_4[0][0]                    
__________________________________________________________________________________________________
tf.linalg.matmul (TFOpLambda)   (None, 1, 128)       0           tf.nn.softmax[0][0]              
                                                                 layer_normalization_4[0][0]      
__________________________________________________________________________________________________
tf.compat.v1.squeeze (TFOpLambd (None, 128)          0           tf.linalg.matmul[0][0]           
__________________________________________________________________________________________________
dense_5 (Dense)                 (None, 1)            129         tf.compat.v1.squeeze[0][0]       
==================================================================================================
Total params: 416,194
Trainable params: 416,194
Non-trainable params: 0
__________________________________________________________________________________________________
===== SYSTEM =====
PATH: /system/system.py
Model: "model_1"
__________________________________________________________________________________________________
Layer (type)                    Output Shape         Param #     Connected to                     
==================================================================================================
input_2 (InputLayer)            [(None, 64, 64, 19)] 0                                            
__________________________________________________________________________________________________
cct_tokenizer_1 (CCTTokenizer)  (None, 256, 128)     84672       input_2[0][0]                    
__________________________________________________________________________________________________
layer_normalization_5 (LayerNor (None, 256, 128)     256         cct_tokenizer_1[0][0]            
__________________________________________________________________________________________________
multi_head_attention_2 (MultiHe (None, 256, 128)     131968      layer_normalization_5[0][0]      
                                                                 layer_normalization_5[0][0]      
__________________________________________________________________________________________________
stochastic_depth_4 (StochasticD (None, 256, 128)     0           multi_head_attention_2[0][0]     
__________________________________________________________________________________________________
add_4 (Add)                     (None, 256, 128)     0           stochastic_depth_4[0][0]         
                                                                 cct_tokenizer_1[0][0]            
__________________________________________________________________________________________________
layer_normalization_6 (LayerNor (None, 256, 128)     256         add_4[0][0]                      
__________________________________________________________________________________________________
dense_6 (Dense)                 (None, 256, 128)     16512       layer_normalization_6[0][0]      
__________________________________________________________________________________________________
dropout_4 (Dropout)             (None, 256, 128)     0           dense_6[0][0]                    
__________________________________________________________________________________________________
dense_7 (Dense)                 (None, 256, 128)     16512       dropout_4[0][0]                  
__________________________________________________________________________________________________
dropout_5 (Dropout)             (None, 256, 128)     0           dense_7[0][0]                    
__________________________________________________________________________________________________
stochastic_depth_5 (StochasticD (None, 256, 128)     0           dropout_5[0][0]                  
__________________________________________________________________________________________________
add_5 (Add)                     (None, 256, 128)     0           stochastic_depth_5[0][0]         
                                                                 add_4[0][0]                      
__________________________________________________________________________________________________
layer_normalization_7 (LayerNor (None, 256, 128)     256         add_5[0][0]                      
__________________________________________________________________________________________________
multi_head_attention_3 (MultiHe (None, 256, 128)     131968      layer_normalization_7[0][0]      
                                                                 layer_normalization_7[0][0]      
__________________________________________________________________________________________________
stochastic_depth_6 (StochasticD (None, 256, 128)     0           multi_head_attention_3[0][0]     
__________________________________________________________________________________________________
add_6 (Add)                     (None, 256, 128)     0           stochastic_depth_6[0][0]         
                                                                 add_5[0][0]                      
__________________________________________________________________________________________________
layer_normalization_8 (LayerNor (None, 256, 128)     256         add_6[0][0]                      
__________________________________________________________________________________________________
dense_8 (Dense)                 (None, 256, 128)     16512       layer_normalization_8[0][0]      
__________________________________________________________________________________________________
dropout_6 (Dropout)             (None, 256, 128)     0           dense_8[0][0]                    
__________________________________________________________________________________________________
dense_9 (Dense)                 (None, 256, 128)     16512       dropout_6[0][0]                  
__________________________________________________________________________________________________
dropout_7 (Dropout)             (None, 256, 128)     0           dense_9[0][0]                    
__________________________________________________________________________________________________
stochastic_depth_7 (StochasticD (None, 256, 128)     0           dropout_7[0][0]                  
__________________________________________________________________________________________________
add_7 (Add)                     (None, 256, 128)     0           stochastic_depth_7[0][0]         
                                                                 add_6[0][0]                      
__________________________________________________________________________________________________
layer_normalization_9 (LayerNor (None, 256, 128)     256         add_7[0][0]                      
__________________________________________________________________________________________________
dense_10 (Dense)                (None, 256, 1)       129         layer_normalization_9[0][0]      
__________________________________________________________________________________________________
tf.nn.softmax_1 (TFOpLambda)    (None, 256, 1)       0           dense_10[0][0]                   
__________________________________________________________________________________________________
tf.linalg.matmul_1 (TFOpLambda) (None, 1, 128)       0           tf.nn.softmax_1[0][0]            
                                                                 layer_normalization_9[0][0]      
__________________________________________________________________________________________________
tf.compat.v1.squeeze_1 (TFOpLam (None, 128)          0           tf.linalg.matmul_1[0][0]         
__________________________________________________________________________________________________
dense_11 (Dense)                (None, 1)            129         tf.compat.v1.squeeze_1[0][0]     
==================================================================================================
Total params: 416,194
Trainable params: 416,194
Non-trainable params: 0
__________________________________________________________________________________________________
===== SYSTEM =====
2021-12-04 02:32:10.345724
AUTH
===== SYSTEM =====
2021-12-04 02:32:24.304116
AUTH
Проверка пароля <MultiDictProxy('login': 'admin', 'password': '12345678', 'button': 'Вход')>
Проверка пароля прошла успешно!
===== SYSTEM =====
PATH: /system/system.py
2021-12-04 02:32:24.464090
/system/mainpage/mainpage.py
===== SYSTEM =====
PATH: /system/system.py
===== SYSTEM =====
PATH: /system/system.py
Model: "model_2"
__________________________________________________________________________________________________
Layer (type)                    Output Shape         Param #     Connected to                     
==================================================================================================
input_3 (InputLayer)            [(None, 64, 64, 19)] 0                                            
__________________________________________________________________________________________________
cct_tokenizer_2 (CCTTokenizer)  (None, 256, 128)     84672       input_3[0][0]                    
__________________________________________________________________________________________________
layer_normalization_10 (LayerNo (None, 256, 128)     256         cct_tokenizer_2[0][0]            
__________________________________________________________________________________________________
multi_head_attention_4 (MultiHe (None, 256, 128)     131968      layer_normalization_10[0][0]     
                                                                 layer_normalization_10[0][0]     
__________________________________________________________________________________________________
stochastic_depth_8 (StochasticD (None, 256, 128)     0           multi_head_attention_4[0][0]     
__________________________________________________________________________________________________
add_8 (Add)                     (None, 256, 128)     0           stochastic_depth_8[0][0]         
                                                                 cct_tokenizer_2[0][0]            
__________________________________________________________________________________________________
layer_normalization_11 (LayerNo (None, 256, 128)     256         add_8[0][0]                      
__________________________________________________________________________________________________
dense_12 (Dense)                (None, 256, 128)     16512       layer_normalization_11[0][0]     
__________________________________________________________________________________________________
dropout_8 (Dropout)             (None, 256, 128)     0           dense_12[0][0]                   
__________________________________________________________________________________________________
dense_13 (Dense)                (None, 256, 128)     16512       dropout_8[0][0]                  
__________________________________________________________________________________________________
dropout_9 (Dropout)             (None, 256, 128)     0           dense_13[0][0]                   
__________________________________________________________________________________________________
stochastic_depth_9 (StochasticD (None, 256, 128)     0           dropout_9[0][0]                  
__________________________________________________________________________________________________
add_9 (Add)                     (None, 256, 128)     0           stochastic_depth_9[0][0]         
                                                                 add_8[0][0]                      
__________________________________________________________________________________________________
layer_normalization_12 (LayerNo (None, 256, 128)     256         add_9[0][0]                      
__________________________________________________________________________________________________
multi_head_attention_5 (MultiHe (None, 256, 128)     131968      layer_normalization_12[0][0]     
                                                                 layer_normalization_12[0][0]     
__________________________________________________________________________________________________
stochastic_depth_10 (Stochastic (None, 256, 128)     0           multi_head_attention_5[0][0]     
__________________________________________________________________________________________________
add_10 (Add)                    (None, 256, 128)     0           stochastic_depth_10[0][0]        
                                                                 add_9[0][0]                      
__________________________________________________________________________________________________
layer_normalization_13 (LayerNo (None, 256, 128)     256         add_10[0][0]                     
__________________________________________________________________________________________________
dense_14 (Dense)                (None, 256, 128)     16512       layer_normalization_13[0][0]     
__________________________________________________________________________________________________
dropout_10 (Dropout)            (None, 256, 128)     0           dense_14[0][0]                   
__________________________________________________________________________________________________
dense_15 (Dense)                (None, 256, 128)     16512       dropout_10[0][0]                 
__________________________________________________________________________________________________
dropout_11 (Dropout)            (None, 256, 128)     0           dense_15[0][0]                   
__________________________________________________________________________________________________
stochastic_depth_11 (Stochastic (None, 256, 128)     0           dropout_11[0][0]                 
__________________________________________________________________________________________________
add_11 (Add)                    (None, 256, 128)     0           stochastic_depth_11[0][0]        
                                                                 add_10[0][0]                     
__________________________________________________________________________________________________
layer_normalization_14 (LayerNo (None, 256, 128)     256         add_11[0][0]                     
__________________________________________________________________________________________________
dense_16 (Dense)                (None, 256, 1)       129         layer_normalization_14[0][0]     
__________________________________________________________________________________________________
tf.nn.softmax_2 (TFOpLambda)    (None, 256, 1)       0           dense_16[0][0]                   
__________________________________________________________________________________________________
tf.linalg.matmul_2 (TFOpLambda) (None, 1, 128)       0           tf.nn.softmax_2[0][0]            
                                                                 layer_normalization_14[0][0]     
__________________________________________________________________________________________________
tf.compat.v1.squeeze_2 (TFOpLam (None, 128)          0           tf.linalg.matmul_2[0][0]         
__________________________________________________________________________________________________
dense_17 (Dense)                (None, 1)            129         tf.compat.v1.squeeze_2[0][0]     
==================================================================================================
Total params: 416,194
Trainable params: 416,194
Non-trainable params: 0
__________________________________________________________________________________________________
===== SYSTEM =====
PATH: /system/system.py
2021-12-04 02:33:28.985020
/system/mainpage/mainpage.py
===== SYSTEM =====
2021-12-04 02:33:37.193572
AUTH
===== SYSTEM =====
2021-12-04 02:33:50.703750
AUTH
Проверка пароля <MultiDictProxy('login': 'admin', 'password': '12345678', 'button': 'Вход')>
Проверка пароля прошла успешно!
===== SYSTEM =====
PATH: /system/system.py
2021-12-04 02:33:50.823833
/system/mainpage/mainpage.py
===== SYSTEM =====
PATH: /system/system.py
===== SYSTEM =====
PATH: /system/system.py
Model: "model_3"
__________________________________________________________________________________________________
Layer (type)                    Output Shape         Param #     Connected to                     
==================================================================================================
input_4 (InputLayer)            [(None, 64, 64, 19)] 0                                            
__________________________________________________________________________________________________
cct_tokenizer_3 (CCTTokenizer)  (None, 256, 128)     84672       input_4[0][0]                    
__________________________________________________________________________________________________
layer_normalization_15 (LayerNo (None, 256, 128)     256         cct_tokenizer_3[0][0]            
__________________________________________________________________________________________________
multi_head_attention_6 (MultiHe (None, 256, 128)     131968      layer_normalization_15[0][0]     
                                                                 layer_normalization_15[0][0]     
__________________________________________________________________________________________________
stochastic_depth_12 (Stochastic (None, 256, 128)     0           multi_head_attention_6[0][0]     
__________________________________________________________________________________________________
add_12 (Add)                    (None, 256, 128)     0           stochastic_depth_12[0][0]        
                                                                 cct_tokenizer_3[0][0]            
__________________________________________________________________________________________________
layer_normalization_16 (LayerNo (None, 256, 128)     256         add_12[0][0]                     /var/www/5za.ru/data/.local/lib/python3.7/site-packages/aiohttp/web_protocol.py:495: DeprecationWarning: returning HTTPException object is deprecated (#2415) and will be removed, please raise the exception instead
  DeprecationWarning,
/var/www/5za.ru/data/.local/lib/python3.7/site-packages/aiohttp/web_protocol.py:495: DeprecationWarning: returning HTTPException object is deprecated (#2415) and will be removed, please raise the exception instead
  DeprecationWarning,
/var/www/5za.ru/data/www/cp/system/ajax/ajax.py:20: RuntimeWarning: More than 20 figures have been opened. Figures created through the pyplot interface (`matplotlib.pyplot.figure`) are retained until explicitly closed and may consume too much memory. (To control this warning, see the rcParam `figure.max_open_warning`).
  plt.figure(figsize=(0.64, 0.64))
/var/www/5za.ru/data/.local/lib/python3.7/site-packages/aiohttp/web_protocol.py:495: DeprecationWarning: returning HTTPException object is deprecated (#2415) and will be removed, please raise the exception instead
  DeprecationWarning,
Cannot decrypt cookie value, create a new fresh session
